<?xml version="1.0" encoding="UTF-8"?>
<testsuite name="BoardTestSuite" tests="1" skipped="0" failures="0" errors="0" timestamp="2022-02-16T20:38:46" hostname="LAPTOP-O76U7N91" time="0.296">
  <properties/>
  <testcase name="isValidPointTest()" classname="BoardTestSuite" time="0.296"/>
  <system-out><![CDATA[]]></system-out>
  <system-err><![CDATA[]]></system-err>
</testsuite>
